<?xml version="1.0" encoding="UTF-8"?>
<testsuite xmlns:xsi="http://www.w3.org/2001/XMLSchema-instance" xsi:noNamespaceSchemaLocation="https://maven.apache.org/surefire/maven-surefire-plugin/xsd/surefire-test-report.xsd" name="com.example.hou.RegisterTest" time="0.006" tests="1" errors="0" skipped="0" failures="0">
  <properties>
    <property name="java.specification.version" value="17"/>
    <property name="sun.cpu.isalist" value="amd64"/>
    <property name="sun.jnu.encoding" value="GBK"/>
    <property name="java.class.path" value="C:\Myfiles\IDEA_IDE\Healing-Paws-Hub-B\target\test-classes;C:\Myfiles\IDEA_IDE\Healing-Paws-Hub-B\target\classes;C:\Users\tpJiang\.m2\repository\org\springframework\boot\spring-boot-starter-jdbc\2.5.3\spring-boot-starter-jdbc-2.5.3.jar;C:\Users\tpJiang\.m2\repository\org\springframework\boot\spring-boot-starter\2.5.3\spring-boot-starter-2.5.3.jar;C:\Users\tpJiang\.m2\repository\org\springframework\boot\spring-boot\2.5.3\spring-boot-2.5.3.jar;C:\Users\tpJiang\.m2\repository\org\springframework\boot\spring-boot-starter-logging\2.5.3\spring-boot-starter-logging-2.5.3.jar;C:\Users\tpJiang\.m2\repository\ch\qos\logback\logback-classic\1.2.4\logback-classic-1.2.4.jar;C:\Users\tpJiang\.m2\repository\ch\qos\logback\logback-core\1.2.4\logback-core-1.2.4.jar;C:\Users\tpJiang\.m2\repository\org\apache\logging\log4j\log4j-to-slf4j\2.14.1\log4j-to-slf4j-2.14.1.jar;C:\Users\tpJiang\.m2\repository\org\slf4j\jul-to-slf4j\1.7.32\jul-to-slf4j-1.7.32.jar;C:\Users\tpJiang\.m2\repository\jakarta\annotation\jakarta.annotation-api\1.3.5\jakarta.annotation-api-1.3.5.jar;C:\Users\tpJiang\.m2\repository\com\zaxxer\HikariCP\4.0.3\HikariCP-4.0.3.jar;C:\Users\tpJiang\.m2\repository\org\springframework\spring-jdbc\5.3.9\spring-jdbc-5.3.9.jar;C:\Users\tpJiang\.m2\repository\org\springframework\spring-beans\5.3.9\spring-beans-5.3.9.jar;C:\Users\tpJiang\.m2\repository\org\springframework\spring-tx\5.3.9\spring-tx-5.3.9.jar;C:\Users\tpJiang\.m2\repository\org\springframework\boot\spring-boot-starter-web\2.5.3\spring-boot-starter-web-2.5.3.jar;C:\Users\tpJiang\.m2\repository\org\springframework\boot\spring-boot-starter-json\2.5.3\spring-boot-starter-json-2.5.3.jar;C:\Users\tpJiang\.m2\repository\com\fasterxml\jackson\datatype\jackson-datatype-jdk8\2.12.4\jackson-datatype-jdk8-2.12.4.jar;C:\Users\tpJiang\.m2\repository\com\fasterxml\jackson\datatype\jackson-datatype-jsr310\2.12.4\jackson-datatype-jsr310-2.12.4.jar;C:\Users\tpJiang\.m2\repository\com\fasterxml\jackson\module\jackson-module-parameter-names\2.12.4\jackson-module-parameter-names-2.12.4.jar;C:\Users\tpJiang\.m2\repository\org\springframework\boot\spring-boot-starter-tomcat\2.5.3\spring-boot-starter-tomcat-2.5.3.jar;C:\Users\tpJiang\.m2\repository\org\apache\tomcat\embed\tomcat-embed-core\9.0.50\tomcat-embed-core-9.0.50.jar;C:\Users\tpJiang\.m2\repository\org\apache\tomcat\embed\tomcat-embed-websocket\9.0.50\tomcat-embed-websocket-9.0.50.jar;C:\Users\tpJiang\.m2\repository\org\springframework\spring-web\5.3.9\spring-web-5.3.9.jar;C:\Users\tpJiang\.m2\repository\org\springframework\spring-webmvc\5.3.9\spring-webmvc-5.3.9.jar;C:\Users\tpJiang\.m2\repository\org\springframework\spring-context\5.3.9\spring-context-5.3.9.jar;C:\Users\tpJiang\.m2\repository\org\springframework\spring-expression\5.3.9\spring-expression-5.3.9.jar;C:\Users\tpJiang\.m2\repository\org\springframework\boot\spring-boot-starter-validation\2.5.3\spring-boot-starter-validation-2.5.3.jar;C:\Users\tpJiang\.m2\repository\org\apache\tomcat\embed\tomcat-embed-el\9.0.50\tomcat-embed-el-9.0.50.jar;C:\Users\tpJiang\.m2\repository\org\hibernate\validator\hibernate-validator\6.2.0.Final\hibernate-validator-6.2.0.Final.jar;C:\Users\tpJiang\.m2\repository\jakarta\validation\jakarta.validation-api\2.0.2\jakarta.validation-api-2.0.2.jar;C:\Users\tpJiang\.m2\repository\org\jboss\logging\jboss-logging\3.4.2.Final\jboss-logging-3.4.2.Final.jar;C:\Users\tpJiang\.m2\repository\com\fasterxml\classmate\1.5.1\classmate-1.5.1.jar;C:\Users\tpJiang\.m2\repository\org\springframework\boot\spring-boot-starter-data-redis\2.5.3\spring-boot-starter-data-redis-2.5.3.jar;C:\Users\tpJiang\.m2\repository\org\springframework\data\spring-data-redis\2.5.3\spring-data-redis-2.5.3.jar;C:\Users\tpJiang\.m2\repository\org\springframework\data\spring-data-keyvalue\2.5.3\spring-data-keyvalue-2.5.3.jar;C:\Users\tpJiang\.m2\repository\org\springframework\spring-oxm\5.3.9\spring-oxm-5.3.9.jar;C:\Users\tpJiang\.m2\repository\redis\clients\jedis\3.6.3\jedis-3.6.3.jar;C:\Users\tpJiang\.m2\repository\org\slf4j\slf4j-api\1.7.32\slf4j-api-1.7.32.jar;C:\Users\tpJiang\.m2\repository\org\apache\commons\commons-pool2\2.9.0\commons-pool2-2.9.0.jar;C:\Users\tpJiang\.m2\repository\org\springframework\boot\spring-boot-starter-security\2.5.3\spring-boot-starter-security-2.5.3.jar;C:\Users\tpJiang\.m2\repository\org\springframework\spring-aop\5.3.9\spring-aop-5.3.9.jar;C:\Users\tpJiang\.m2\repository\org\springframework\security\spring-security-config\5.5.1\spring-security-config-5.5.1.jar;C:\Users\tpJiang\.m2\repository\org\springframework\security\spring-security-core\5.5.1\spring-security-core-5.5.1.jar;C:\Users\tpJiang\.m2\repository\org\springframework\security\spring-security-crypto\5.5.1\spring-security-crypto-5.5.1.jar;C:\Users\tpJiang\.m2\repository\org\springframework\security\spring-security-web\5.5.1\spring-security-web-5.5.1.jar;C:\Users\tpJiang\.m2\repository\com\auth0\java-jwt\3.11.0\java-jwt-3.11.0.jar;C:\Users\tpJiang\.m2\repository\com\fasterxml\jackson\core\jackson-databind\2.12.4\jackson-databind-2.12.4.jar;C:\Users\tpJiang\.m2\repository\com\fasterxml\jackson\core\jackson-annotations\2.12.4\jackson-annotations-2.12.4.jar;C:\Users\tpJiang\.m2\repository\com\fasterxml\jackson\core\jackson-core\2.12.4\jackson-core-2.12.4.jar;C:\Users\tpJiang\.m2\repository\commons-codec\commons-codec\1.15\commons-codec-1.15.jar;C:\Users\tpJiang\.m2\repository\org\apache\commons\commons-lang3\3.7\commons-lang3-3.7.jar;C:\Users\tpJiang\.m2\repository\org\springframework\boot\spring-boot-starter-thymeleaf\2.5.3\spring-boot-starter-thymeleaf-2.5.3.jar;C:\Users\tpJiang\.m2\repository\org\thymeleaf\thymeleaf-spring5\3.0.12.RELEASE\thymeleaf-spring5-3.0.12.RELEASE.jar;C:\Users\tpJiang\.m2\repository\org\thymeleaf\thymeleaf\3.0.12.RELEASE\thymeleaf-3.0.12.RELEASE.jar;C:\Users\tpJiang\.m2\repository\org\attoparser\attoparser\2.0.5.RELEASE\attoparser-2.0.5.RELEASE.jar;C:\Users\tpJiang\.m2\repository\org\unbescape\unbescape\1.1.6.RELEASE\unbescape-1.1.6.RELEASE.jar;C:\Users\tpJiang\.m2\repository\org\thymeleaf\extras\thymeleaf-extras-java8time\3.0.4.RELEASE\thymeleaf-extras-java8time-3.0.4.RELEASE.jar;C:\Users\tpJiang\.m2\repository\mysql\mysql-connector-java\8.0.26\mysql-connector-java-8.0.26.jar;C:\Users\tpJiang\.m2\repository\org\springframework\boot\spring-boot-starter-data-mongodb\2.5.3\spring-boot-starter-data-mongodb-2.5.3.jar;C:\Users\tpJiang\.m2\repository\org\mongodb\mongodb-driver-sync\4.2.3\mongodb-driver-sync-4.2.3.jar;C:\Users\tpJiang\.m2\repository\org\mongodb\bson\4.2.3\bson-4.2.3.jar;C:\Users\tpJiang\.m2\repository\org\mongodb\mongodb-driver-core\4.2.3\mongodb-driver-core-4.2.3.jar;C:\Users\tpJiang\.m2\repository\org\springframework\data\spring-data-mongodb\3.2.3\spring-data-mongodb-3.2.3.jar;C:\Users\tpJiang\.m2\repository\org\springframework\data\spring-data-commons\2.5.3\spring-data-commons-2.5.3.jar;C:\Users\tpJiang\.m2\repository\org\springframework\boot\spring-boot-starter-test\2.5.3\spring-boot-starter-test-2.5.3.jar;C:\Users\tpJiang\.m2\repository\org\springframework\boot\spring-boot-test\2.5.3\spring-boot-test-2.5.3.jar;C:\Users\tpJiang\.m2\repository\org\springframework\boot\spring-boot-test-autoconfigure\2.5.3\spring-boot-test-autoconfigure-2.5.3.jar;C:\Users\tpJiang\.m2\repository\com\jayway\jsonpath\json-path\2.5.0\json-path-2.5.0.jar;C:\Users\tpJiang\.m2\repository\net\minidev\json-smart\2.4.7\json-smart-2.4.7.jar;C:\Users\tpJiang\.m2\repository\net\minidev\accessors-smart\2.4.7\accessors-smart-2.4.7.jar;C:\Users\tpJiang\.m2\repository\org\ow2\asm\asm\9.1\asm-9.1.jar;C:\Users\tpJiang\.m2\repository\jakarta\xml\bind\jakarta.xml.bind-api\2.3.3\jakarta.xml.bind-api-2.3.3.jar;C:\Users\tpJiang\.m2\repository\jakarta\activation\jakarta.activation-api\1.2.2\jakarta.activation-api-1.2.2.jar;C:\Users\tpJiang\.m2\repository\org\assertj\assertj-core\3.19.0\assertj-core-3.19.0.jar;C:\Users\tpJiang\.m2\repository\org\hamcrest\hamcrest\2.2\hamcrest-2.2.jar;C:\Users\tpJiang\.m2\repository\org\junit\jupiter\junit-jupiter\5.7.2\junit-jupiter-5.7.2.jar;C:\Users\tpJiang\.m2\repository\org\junit\jupiter\junit-jupiter-api\5.7.2\junit-jupiter-api-5.7.2.jar;C:\Users\tpJiang\.m2\repository\org\apiguardian\apiguardian-api\1.1.0\apiguardian-api-1.1.0.jar;C:\Users\tpJiang\.m2\repository\org\opentest4j\opentest4j\1.2.0\opentest4j-1.2.0.jar;C:\Users\tpJiang\.m2\repository\org\junit\platform\junit-platform-commons\1.7.2\junit-platform-commons-1.7.2.jar;C:\Users\tpJiang\.m2\repository\org\junit\jupiter\junit-jupiter-params\5.7.2\junit-jupiter-params-5.7.2.jar;C:\Users\tpJiang\.m2\repository\org\junit\jupiter\junit-jupiter-engine\5.7.2\junit-jupiter-engine-5.7.2.jar;C:\Users\tpJiang\.m2\repository\org\junit\platform\junit-platform-engine\1.7.2\junit-platform-engine-1.7.2.jar;C:\Users\tpJiang\.m2\repository\org\mockito\mockito-core\3.9.0\mockito-core-3.9.0.jar;C:\Users\tpJiang\.m2\repository\net\bytebuddy\byte-buddy\1.10.22\byte-buddy-1.10.22.jar;C:\Users\tpJiang\.m2\repository\net\bytebuddy\byte-buddy-agent\1.10.22\byte-buddy-agent-1.10.22.jar;C:\Users\tpJiang\.m2\repository\org\objenesis\objenesis\3.2\objenesis-3.2.jar;C:\Users\tpJiang\.m2\repository\org\mockito\mockito-junit-jupiter\3.9.0\mockito-junit-jupiter-3.9.0.jar;C:\Users\tpJiang\.m2\repository\org\skyscreamer\jsonassert\1.5.0\jsonassert-1.5.0.jar;C:\Users\tpJiang\.m2\repository\com\vaadin\external\google\android-json\0.0.20131108.vaadin1\android-json-0.0.20131108.vaadin1.jar;C:\Users\tpJiang\.m2\repository\org\springframework\spring-core\5.3.9\spring-core-5.3.9.jar;C:\Users\tpJiang\.m2\repository\org\springframework\spring-jcl\5.3.9\spring-jcl-5.3.9.jar;C:\Users\tpJiang\.m2\repository\org\springframework\spring-test\5.3.9\spring-test-5.3.9.jar;C:\Users\tpJiang\.m2\repository\org\xmlunit\xmlunit-core\2.8.2\xmlunit-core-2.8.2.jar;C:\Users\tpJiang\.m2\repository\org\springframework\boot\spring-boot-starter-data-jpa\2.5.3\spring-boot-starter-data-jpa-2.5.3.jar;C:\Users\tpJiang\.m2\repository\org\springframework\boot\spring-boot-starter-aop\2.5.3\spring-boot-starter-aop-2.5.3.jar;C:\Users\tpJiang\.m2\repository\org\aspectj\aspectjweaver\1.9.7\aspectjweaver-1.9.7.jar;C:\Users\tpJiang\.m2\repository\jakarta\transaction\jakarta.transaction-api\1.3.3\jakarta.transaction-api-1.3.3.jar;C:\Users\tpJiang\.m2\repository\jakarta\persistence\jakarta.persistence-api\2.2.3\jakarta.persistence-api-2.2.3.jar;C:\Users\tpJiang\.m2\repository\org\hibernate\hibernate-core\5.4.32.Final\hibernate-core-5.4.32.Final.jar;C:\Users\tpJiang\.m2\repository\org\javassist\javassist\3.27.0-GA\javassist-3.27.0-GA.jar;C:\Users\tpJiang\.m2\repository\antlr\antlr\2.7.7\antlr-2.7.7.jar;C:\Users\tpJiang\.m2\repository\org\jboss\jandex\2.2.3.Final\jandex-2.2.3.Final.jar;C:\Users\tpJiang\.m2\repository\org\dom4j\dom4j\2.1.3\dom4j-2.1.3.jar;C:\Users\tpJiang\.m2\repository\org\hibernate\common\hibernate-commons-annotations\5.1.2.Final\hibernate-commons-annotations-5.1.2.Final.jar;C:\Users\tpJiang\.m2\repository\org\glassfish\jaxb\jaxb-runtime\2.3.4\jaxb-runtime-2.3.4.jar;C:\Users\tpJiang\.m2\repository\org\glassfish\jaxb\txw2\2.3.4\txw2-2.3.4.jar;C:\Users\tpJiang\.m2\repository\com\sun\istack\istack-commons-runtime\3.0.12\istack-commons-runtime-3.0.12.jar;C:\Users\tpJiang\.m2\repository\org\springframework\data\spring-data-jpa\2.5.3\spring-data-jpa-2.5.3.jar;C:\Users\tpJiang\.m2\repository\org\springframework\spring-orm\5.3.9\spring-orm-5.3.9.jar;C:\Users\tpJiang\.m2\repository\org\springframework\spring-aspects\5.3.9\spring-aspects-5.3.9.jar;C:\Users\tpJiang\.m2\repository\com\baomidou\mybatis-plus-boot-starter\3.0.5\mybatis-plus-boot-starter-3.0.5.jar;C:\Users\tpJiang\.m2\repository\com\baomidou\mybatis-plus\3.0.5\mybatis-plus-3.0.5.jar;C:\Users\tpJiang\.m2\repository\org\springframework\boot\spring-boot-autoconfigure\2.5.3\spring-boot-autoconfigure-2.5.3.jar;C:\Users\tpJiang\.m2\repository\org\springframework\boot\spring-boot-configuration-processor\2.5.3\spring-boot-configuration-processor-2.5.3.jar;C:\Users\tpJiang\.m2\repository\org\projectlombok\lombok\1.18.20\lombok-1.18.20.jar;C:\Users\tpJiang\.m2\repository\com\baomidou\mybatis-plus-generator\3.0.5\mybatis-plus-generator-3.0.5.jar;C:\Users\tpJiang\.m2\repository\com\baomidou\mybatis-plus-extension\3.0.5\mybatis-plus-extension-3.0.5.jar;C:\Users\tpJiang\.m2\repository\com\baomidou\mybatis-plus-core\3.0.5\mybatis-plus-core-3.0.5.jar;C:\Users\tpJiang\.m2\repository\com\baomidou\mybatis-plus-annotation\3.0.5\mybatis-plus-annotation-3.0.5.jar;C:\Users\tpJiang\.m2\repository\com\github\jsqlparser\jsqlparser\1.2\jsqlparser-1.2.jar;C:\Users\tpJiang\.m2\repository\org\mybatis\mybatis-spring\1.3.2\mybatis-spring-1.3.2.jar;C:\Users\tpJiang\.m2\repository\org\mybatis\mybatis\3.4.6\mybatis-3.4.6.jar;C:\Users\tpJiang\.m2\repository\org\apache\velocity\velocity-engine-core\2.2\velocity-engine-core-2.2.jar;C:\Users\tpJiang\.m2\repository\com\alibaba\fastjson\1.2.49\fastjson-1.2.49.jar;C:\Users\tpJiang\.m2\repository\com\google\code\gson\gson\2.8.7\gson-2.8.7.jar;C:\Users\tpJiang\.m2\repository\com\squareup\okhttp3\okhttp\3.6.0\okhttp-3.6.0.jar;C:\Users\tpJiang\.m2\repository\com\squareup\okio\okio\1.11.0\okio-1.11.0.jar;C:\Users\tpJiang\.m2\repository\commons-fileupload\commons-fileupload\1.4\commons-fileupload-1.4.jar;C:\Users\tpJiang\.m2\repository\commons-io\commons-io\2.6\commons-io-2.6.jar;C:\Users\tpJiang\.m2\repository\co\elastic\clients\elasticsearch-java\8.9.0\elasticsearch-java-8.9.0.jar;C:\Users\tpJiang\.m2\repository\com\google\code\findbugs\jsr305\3.0.2\jsr305-3.0.2.jar;C:\Users\tpJiang\.m2\repository\jakarta\json\jakarta.json-api\1.1.6\jakarta.json-api-1.1.6.jar;C:\Users\tpJiang\.m2\repository\org\eclipse\parsson\parsson\1.0.0\parsson-1.0.0.jar;C:\Users\tpJiang\.m2\repository\org\elasticsearch\client\elasticsearch-rest-client\8.9.0\elasticsearch-rest-client-8.9.0.jar;C:\Users\tpJiang\.m2\repository\org\apache\httpcomponents\httpclient\4.5.13\httpclient-4.5.13.jar;C:\Users\tpJiang\.m2\repository\org\apache\httpcomponents\httpcore\4.4.14\httpcore-4.4.14.jar;C:\Users\tpJiang\.m2\repository\org\apache\httpcomponents\httpasyncclient\4.1.4\httpasyncclient-4.1.4.jar;C:\Users\tpJiang\.m2\repository\org\apache\httpcomponents\httpcore-nio\4.4.14\httpcore-nio-4.4.14.jar;C:\Users\tpJiang\.m2\repository\org\glassfish\jakarta.json\2.0.1\jakarta.json-2.0.1.jar;C:\Users\tpJiang\.m2\repository\org\apache\poi\poi\5.1.0\poi-5.1.0.jar;C:\Users\tpJiang\.m2\repository\org\apache\commons\commons-collections4\4.4\commons-collections4-4.4.jar;C:\Users\tpJiang\.m2\repository\org\apache\commons\commons-math3\3.6.1\commons-math3-3.6.1.jar;C:\Users\tpJiang\.m2\repository\com\zaxxer\SparseBitSet\1.2\SparseBitSet-1.2.jar;C:\Users\tpJiang\.m2\repository\org\apache\logging\log4j\log4j-api\2.14.1\log4j-api-2.14.1.jar;C:\Users\tpJiang\.m2\repository\org\springframework\boot\spring-boot-starter-amqp\2.5.3\spring-boot-starter-amqp-2.5.3.jar;C:\Users\tpJiang\.m2\repository\org\springframework\spring-messaging\5.3.9\spring-messaging-5.3.9.jar;C:\Users\tpJiang\.m2\repository\org\springframework\amqp\spring-rabbit\2.3.10\spring-rabbit-2.3.10.jar;C:\Users\tpJiang\.m2\repository\org\springframework\amqp\spring-amqp\2.3.10\spring-amqp-2.3.10.jar;C:\Users\tpJiang\.m2\repository\org\springframework\retry\spring-retry\1.3.1\spring-retry-1.3.1.jar;C:\Users\tpJiang\.m2\repository\javax\annotation\javax.annotation-api\1.3.2\javax.annotation-api-1.3.2.jar;C:\Users\tpJiang\.m2\repository\com\rabbitmq\amqp-client\5.12.0\amqp-client-5.12.0.jar;C:\Users\tpJiang\.m2\repository\org\springframework\boot\spring-boot-starter-mail\2.5.3\spring-boot-starter-mail-2.5.3.jar;C:\Users\tpJiang\.m2\repository\org\springframework\spring-context-support\5.3.9\spring-context-support-5.3.9.jar;C:\Users\tpJiang\.m2\repository\com\sun\mail\jakarta.mail\1.6.7\jakarta.mail-1.6.7.jar;C:\Users\tpJiang\.m2\repository\com\sun\activation\jakarta.activation\1.2.2\jakarta.activation-1.2.2.jar;C:\Users\tpJiang\.m2\repository\cn\hutool\hutool-all\5.8.19\hutool-all-5.8.19.jar;C:\Users\tpJiang\.m2\repository\io\github\gemingjia\gear-wenxinworkshop-starter\1.0.1\gear-wenxinworkshop-starter-1.0.1.jar;C:\Users\tpJiang\.m2\repository\org\yaml\snakeyaml\1.28\snakeyaml-1.28.jar;C:\Users\tpJiang\.m2\repository\org\springframework\boot\spring-boot-starter-webflux\2.5.3\spring-boot-starter-webflux-2.5.3.jar;C:\Users\tpJiang\.m2\repository\org\springframework\boot\spring-boot-starter-reactor-netty\2.5.3\spring-boot-starter-reactor-netty-2.5.3.jar;C:\Users\tpJiang\.m2\repository\io\projectreactor\netty\reactor-netty-http\1.0.9\reactor-netty-http-1.0.9.jar;C:\Users\tpJiang\.m2\repository\io\netty\netty-codec-http\4.1.66.Final\netty-codec-http-4.1.66.Final.jar;C:\Users\tpJiang\.m2\repository\io\netty\netty-common\4.1.66.Final\netty-common-4.1.66.Final.jar;C:\Users\tpJiang\.m2\repository\io\netty\netty-buffer\4.1.66.Final\netty-buffer-4.1.66.Final.jar;C:\Users\tpJiang\.m2\repository\io\netty\netty-transport\4.1.66.Final\netty-transport-4.1.66.Final.jar;C:\Users\tpJiang\.m2\repository\io\netty\netty-codec\4.1.66.Final\netty-codec-4.1.66.Final.jar;C:\Users\tpJiang\.m2\repository\io\netty\netty-handler\4.1.66.Final\netty-handler-4.1.66.Final.jar;C:\Users\tpJiang\.m2\repository\io\netty\netty-codec-http2\4.1.66.Final\netty-codec-http2-4.1.66.Final.jar;C:\Users\tpJiang\.m2\repository\io\netty\netty-resolver-dns\4.1.66.Final\netty-resolver-dns-4.1.66.Final.jar;C:\Users\tpJiang\.m2\repository\io\netty\netty-resolver\4.1.66.Final\netty-resolver-4.1.66.Final.jar;C:\Users\tpJiang\.m2\repository\io\netty\netty-codec-dns\4.1.66.Final\netty-codec-dns-4.1.66.Final.jar;C:\Users\tpJiang\.m2\repository\io\netty\netty-resolver-dns-native-macos\4.1.66.Final\netty-resolver-dns-native-macos-4.1.66.Final-osx-x86_64.jar;C:\Users\tpJiang\.m2\repository\io\netty\netty-transport-native-unix-common\4.1.66.Final\netty-transport-native-unix-common-4.1.66.Final.jar;C:\Users\tpJiang\.m2\repository\io\netty\netty-transport-native-epoll\4.1.66.Final\netty-transport-native-epoll-4.1.66.Final-linux-x86_64.jar;C:\Users\tpJiang\.m2\repository\io\projectreactor\netty\reactor-netty-core\1.0.9\reactor-netty-core-1.0.9.jar;C:\Users\tpJiang\.m2\repository\io\netty\netty-handler-proxy\4.1.66.Final\netty-handler-proxy-4.1.66.Final.jar;C:\Users\tpJiang\.m2\repository\io\netty\netty-codec-socks\4.1.66.Final\netty-codec-socks-4.1.66.Final.jar;C:\Users\tpJiang\.m2\repository\org\springframework\spring-webflux\5.3.9\spring-webflux-5.3.9.jar;C:\Users\tpJiang\.m2\repository\io\projectreactor\reactor-core\3.4.8\reactor-core-3.4.8.jar;C:\Users\tpJiang\.m2\repository\org\reactivestreams\reactive-streams\1.0.3\reactive-streams-1.0.3.jar;C:\Users\tpJiang\.m2\repository\org\springframework\boot\spring-boot-starter-websocket\2.5.3\spring-boot-starter-websocket-2.5.3.jar;C:\Users\tpJiang\.m2\repository\org\springframework\spring-websocket\5.3.9\spring-websocket-5.3.9.jar;"/>
    <property name="java.vm.vendor" value="Oracle Corporation"/>
    <property name="sun.arch.data.model" value="64"/>
    <property name="user.variant" value=""/>
    <property name="java.vendor.url" value="https://java.oracle.com/"/>
    <property name="user.timezone" value="Asia/Shanghai"/>
    <property name="os.name" value="Windows 10"/>
    <property name="java.vm.specification.version" value="17"/>
    <property name="sun.java.launcher" value="SUN_STANDARD"/>
    <property name="user.country" value="CN"/>
    <property name="sun.boot.library.path" value="C:\Program Files\Java\jdk-17.0.9\bin"/>
    <property name="sun.java.command" value="C:\Users\tpJiang\AppData\Local\Temp\surefire2683457305257351147\surefirebooter9952867590069653927.jar C:\Users\tpJiang\AppData\Local\Temp\surefire2683457305257351147 2024-04-26T09-28-41_021-jvmRun1 surefire1617214683542854667tmp surefire_08496182875469118501tmp"/>
    <property name="jdk.debug" value="release"/>
    <property name="surefire.test.class.path" value="C:\Myfiles\IDEA_IDE\Healing-Paws-Hub-B\target\test-classes;C:\Myfiles\IDEA_IDE\Healing-Paws-Hub-B\target\classes;C:\Users\tpJiang\.m2\repository\org\springframework\boot\spring-boot-starter-jdbc\2.5.3\spring-boot-starter-jdbc-2.5.3.jar;C:\Users\tpJiang\.m2\repository\org\springframework\boot\spring-boot-starter\2.5.3\spring-boot-starter-2.5.3.jar;C:\Users\tpJiang\.m2\repository\org\springframework\boot\spring-boot\2.5.3\spring-boot-2.5.3.jar;C:\Users\tpJiang\.m2\repository\org\springframework\boot\spring-boot-starter-logging\2.5.3\spring-boot-starter-logging-2.5.3.jar;C:\Users\tpJiang\.m2\repository\ch\qos\logback\logback-classic\1.2.4\logback-classic-1.2.4.jar;C:\Users\tpJiang\.m2\repository\ch\qos\logback\logback-core\1.2.4\logback-core-1.2.4.jar;C:\Users\tpJiang\.m2\repository\org\apache\logging\log4j\log4j-to-slf4j\2.14.1\log4j-to-slf4j-2.14.1.jar;C:\Users\tpJiang\.m2\repository\org\slf4j\jul-to-slf4j\1.7.32\jul-to-slf4j-1.7.32.jar;C:\Users\tpJiang\.m2\repository\jakarta\annotation\jakarta.annotation-api\1.3.5\jakarta.annotation-api-1.3.5.jar;C:\Users\tpJiang\.m2\repository\com\zaxxer\HikariCP\4.0.3\HikariCP-4.0.3.jar;C:\Users\tpJiang\.m2\repository\org\springframework\spring-jdbc\5.3.9\spring-jdbc-5.3.9.jar;C:\Users\tpJiang\.m2\repository\org\springframework\spring-beans\5.3.9\spring-beans-5.3.9.jar;C:\Users\tpJiang\.m2\repository\org\springframework\spring-tx\5.3.9\spring-tx-5.3.9.jar;C:\Users\tpJiang\.m2\repository\org\springframework\boot\spring-boot-starter-web\2.5.3\spring-boot-starter-web-2.5.3.jar;C:\Users\tpJiang\.m2\repository\org\springframework\boot\spring-boot-starter-json\2.5.3\spring-boot-starter-json-2.5.3.jar;C:\Users\tpJiang\.m2\repository\com\fasterxml\jackson\datatype\jackson-datatype-jdk8\2.12.4\jackson-datatype-jdk8-2.12.4.jar;C:\Users\tpJiang\.m2\repository\com\fasterxml\jackson\datatype\jackson-datatype-jsr310\2.12.4\jackson-datatype-jsr310-2.12.4.jar;C:\Users\tpJiang\.m2\repository\com\fasterxml\jackson\module\jackson-module-parameter-names\2.12.4\jackson-module-parameter-names-2.12.4.jar;C:\Users\tpJiang\.m2\repository\org\springframework\boot\spring-boot-starter-tomcat\2.5.3\spring-boot-starter-tomcat-2.5.3.jar;C:\Users\tpJiang\.m2\repository\org\apache\tomcat\embed\tomcat-embed-core\9.0.50\tomcat-embed-core-9.0.50.jar;C:\Users\tpJiang\.m2\repository\org\apache\tomcat\embed\tomcat-embed-websocket\9.0.50\tomcat-embed-websocket-9.0.50.jar;C:\Users\tpJiang\.m2\repository\org\springframework\spring-web\5.3.9\spring-web-5.3.9.jar;C:\Users\tpJiang\.m2\repository\org\springframework\spring-webmvc\5.3.9\spring-webmvc-5.3.9.jar;C:\Users\tpJiang\.m2\repository\org\springframework\spring-context\5.3.9\spring-context-5.3.9.jar;C:\Users\tpJiang\.m2\repository\org\springframework\spring-expression\5.3.9\spring-expression-5.3.9.jar;C:\Users\tpJiang\.m2\repository\org\springframework\boot\spring-boot-starter-validation\2.5.3\spring-boot-starter-validation-2.5.3.jar;C:\Users\tpJiang\.m2\repository\org\apache\tomcat\embed\tomcat-embed-el\9.0.50\tomcat-embed-el-9.0.50.jar;C:\Users\tpJiang\.m2\repository\org\hibernate\validator\hibernate-validator\6.2.0.Final\hibernate-validator-6.2.0.Final.jar;C:\Users\tpJiang\.m2\repository\jakarta\validation\jakarta.validation-api\2.0.2\jakarta.validation-api-2.0.2.jar;C:\Users\tpJiang\.m2\repository\org\jboss\logging\jboss-logging\3.4.2.Final\jboss-logging-3.4.2.Final.jar;C:\Users\tpJiang\.m2\repository\com\fasterxml\classmate\1.5.1\classmate-1.5.1.jar;C:\Users\tpJiang\.m2\repository\org\springframework\boot\spring-boot-starter-data-redis\2.5.3\spring-boot-starter-data-redis-2.5.3.jar;C:\Users\tpJiang\.m2\repository\org\springframework\data\spring-data-redis\2.5.3\spring-data-redis-2.5.3.jar;C:\Users\tpJiang\.m2\repository\org\springframework\data\spring-data-keyvalue\2.5.3\spring-data-keyvalue-2.5.3.jar;C:\Users\tpJiang\.m2\repository\org\springframework\spring-oxm\5.3.9\spring-oxm-5.3.9.jar;C:\Users\tpJiang\.m2\repository\redis\clients\jedis\3.6.3\jedis-3.6.3.jar;C:\Users\tpJiang\.m2\repository\org\slf4j\slf4j-api\1.7.32\slf4j-api-1.7.32.jar;C:\Users\tpJiang\.m2\repository\org\apache\commons\commons-pool2\2.9.0\commons-pool2-2.9.0.jar;C:\Users\tpJiang\.m2\repository\org\springframework\boot\spring-boot-starter-security\2.5.3\spring-boot-starter-security-2.5.3.jar;C:\Users\tpJiang\.m2\repository\org\springframework\spring-aop\5.3.9\spring-aop-5.3.9.jar;C:\Users\tpJiang\.m2\repository\org\springframework\security\spring-security-config\5.5.1\spring-security-config-5.5.1.jar;C:\Users\tpJiang\.m2\repository\org\springframework\security\spring-security-core\5.5.1\spring-security-core-5.5.1.jar;C:\Users\tpJiang\.m2\repository\org\springframework\security\spring-security-crypto\5.5.1\spring-security-crypto-5.5.1.jar;C:\Users\tpJiang\.m2\repository\org\springframework\security\spring-security-web\5.5.1\spring-security-web-5.5.1.jar;C:\Users\tpJiang\.m2\repository\com\auth0\java-jwt\3.11.0\java-jwt-3.11.0.jar;C:\Users\tpJiang\.m2\repository\com\fasterxml\jackson\core\jackson-databind\2.12.4\jackson-databind-2.12.4.jar;C:\Users\tpJiang\.m2\repository\com\fasterxml\jackson\core\jackson-annotations\2.12.4\jackson-annotations-2.12.4.jar;C:\Users\tpJiang\.m2\repository\com\fasterxml\jackson\core\jackson-core\2.12.4\jackson-core-2.12.4.jar;C:\Users\tpJiang\.m2\repository\commons-codec\commons-codec\1.15\commons-codec-1.15.jar;C:\Users\tpJiang\.m2\repository\org\apache\commons\commons-lang3\3.7\commons-lang3-3.7.jar;C:\Users\tpJiang\.m2\repository\org\springframework\boot\spring-boot-starter-thymeleaf\2.5.3\spring-boot-starter-thymeleaf-2.5.3.jar;C:\Users\tpJiang\.m2\repository\org\thymeleaf\thymeleaf-spring5\3.0.12.RELEASE\thymeleaf-spring5-3.0.12.RELEASE.jar;C:\Users\tpJiang\.m2\repository\org\thymeleaf\thymeleaf\3.0.12.RELEASE\thymeleaf-3.0.12.RELEASE.jar;C:\Users\tpJiang\.m2\repository\org\attoparser\attoparser\2.0.5.RELEASE\attoparser-2.0.5.RELEASE.jar;C:\Users\tpJiang\.m2\repository\org\unbescape\unbescape\1.1.6.RELEASE\unbescape-1.1.6.RELEASE.jar;C:\Users\tpJiang\.m2\repository\org\thymeleaf\extras\thymeleaf-extras-java8time\3.0.4.RELEASE\thymeleaf-extras-java8time-3.0.4.RELEASE.jar;C:\Users\tpJiang\.m2\repository\mysql\mysql-connector-java\8.0.26\mysql-connector-java-8.0.26.jar;C:\Users\tpJiang\.m2\repository\org\springframework\boot\spring-boot-starter-data-mongodb\2.5.3\spring-boot-starter-data-mongodb-2.5.3.jar;C:\Users\tpJiang\.m2\repository\org\mongodb\mongodb-driver-sync\4.2.3\mongodb-driver-sync-4.2.3.jar;C:\Users\tpJiang\.m2\repository\org\mongodb\bson\4.2.3\bson-4.2.3.jar;C:\Users\tpJiang\.m2\repository\org\mongodb\mongodb-driver-core\4.2.3\mongodb-driver-core-4.2.3.jar;C:\Users\tpJiang\.m2\repository\org\springframework\data\spring-data-mongodb\3.2.3\spring-data-mongodb-3.2.3.jar;C:\Users\tpJiang\.m2\repository\org\springframework\data\spring-data-commons\2.5.3\spring-data-commons-2.5.3.jar;C:\Users\tpJiang\.m2\repository\org\springframework\boot\spring-boot-starter-test\2.5.3\spring-boot-starter-test-2.5.3.jar;C:\Users\tpJiang\.m2\repository\org\springframework\boot\spring-boot-test\2.5.3\spring-boot-test-2.5.3.jar;C:\Users\tpJiang\.m2\repository\org\springframework\boot\spring-boot-test-autoconfigure\2.5.3\spring-boot-test-autoconfigure-2.5.3.jar;C:\Users\tpJiang\.m2\repository\com\jayway\jsonpath\json-path\2.5.0\json-path-2.5.0.jar;C:\Users\tpJiang\.m2\repository\net\minidev\json-smart\2.4.7\json-smart-2.4.7.jar;C:\Users\tpJiang\.m2\repository\net\minidev\accessors-smart\2.4.7\accessors-smart-2.4.7.jar;C:\Users\tpJiang\.m2\repository\org\ow2\asm\asm\9.1\asm-9.1.jar;C:\Users\tpJiang\.m2\repository\jakarta\xml\bind\jakarta.xml.bind-api\2.3.3\jakarta.xml.bind-api-2.3.3.jar;C:\Users\tpJiang\.m2\repository\jakarta\activation\jakarta.activation-api\1.2.2\jakarta.activation-api-1.2.2.jar;C:\Users\tpJiang\.m2\repository\org\assertj\assertj-core\3.19.0\assertj-core-3.19.0.jar;C:\Users\tpJiang\.m2\repository\org\hamcrest\hamcrest\2.2\hamcrest-2.2.jar;C:\Users\tpJiang\.m2\repository\org\junit\jupiter\junit-jupiter\5.7.2\junit-jupiter-5.7.2.jar;C:\Users\tpJiang\.m2\repository\org\junit\jupiter\junit-jupiter-api\5.7.2\junit-jupiter-api-5.7.2.jar;C:\Users\tpJiang\.m2\repository\org\apiguardian\apiguardian-api\1.1.0\apiguardian-api-1.1.0.jar;C:\Users\tpJiang\.m2\repository\org\opentest4j\opentest4j\1.2.0\opentest4j-1.2.0.jar;C:\Users\tpJiang\.m2\repository\org\junit\platform\junit-platform-commons\1.7.2\junit-platform-commons-1.7.2.jar;C:\Users\tpJiang\.m2\repository\org\junit\jupiter\junit-jupiter-params\5.7.2\junit-jupiter-params-5.7.2.jar;C:\Users\tpJiang\.m2\repository\org\junit\jupiter\junit-jupiter-engine\5.7.2\junit-jupiter-engine-5.7.2.jar;C:\Users\tpJiang\.m2\repository\org\junit\platform\junit-platform-engine\1.7.2\junit-platform-engine-1.7.2.jar;C:\Users\tpJiang\.m2\repository\org\mockito\mockito-core\3.9.0\mockito-core-3.9.0.jar;C:\Users\tpJiang\.m2\repository\net\bytebuddy\byte-buddy\1.10.22\byte-buddy-1.10.22.jar;C:\Users\tpJiang\.m2\repository\net\bytebuddy\byte-buddy-agent\1.10.22\byte-buddy-agent-1.10.22.jar;C:\Users\tpJiang\.m2\repository\org\objenesis\objenesis\3.2\objenesis-3.2.jar;C:\Users\tpJiang\.m2\repository\org\mockito\mockito-junit-jupiter\3.9.0\mockito-junit-jupiter-3.9.0.jar;C:\Users\tpJiang\.m2\repository\org\skyscreamer\jsonassert\1.5.0\jsonassert-1.5.0.jar;C:\Users\tpJiang\.m2\repository\com\vaadin\external\google\android-json\0.0.20131108.vaadin1\android-json-0.0.20131108.vaadin1.jar;C:\Users\tpJiang\.m2\repository\org\springframework\spring-core\5.3.9\spring-core-5.3.9.jar;C:\Users\tpJiang\.m2\repository\org\springframework\spring-jcl\5.3.9\spring-jcl-5.3.9.jar;C:\Users\tpJiang\.m2\repository\org\springframework\spring-test\5.3.9\spring-test-5.3.9.jar;C:\Users\tpJiang\.m2\repository\org\xmlunit\xmlunit-core\2.8.2\xmlunit-core-2.8.2.jar;C:\Users\tpJiang\.m2\repository\org\springframework\boot\spring-boot-starter-data-jpa\2.5.3\spring-boot-starter-data-jpa-2.5.3.jar;C:\Users\tpJiang\.m2\repository\org\springframework\boot\spring-boot-starter-aop\2.5.3\spring-boot-starter-aop-2.5.3.jar;C:\Users\tpJiang\.m2\repository\org\aspectj\aspectjweaver\1.9.7\aspectjweaver-1.9.7.jar;C:\Users\tpJiang\.m2\repository\jakarta\transaction\jakarta.transaction-api\1.3.3\jakarta.transaction-api-1.3.3.jar;C:\Users\tpJiang\.m2\repository\jakarta\persistence\jakarta.persistence-api\2.2.3\jakarta.persistence-api-2.2.3.jar;C:\Users\tpJiang\.m2\repository\org\hibernate\hibernate-core\5.4.32.Final\hibernate-core-5.4.32.Final.jar;C:\Users\tpJiang\.m2\repository\org\javassist\javassist\3.27.0-GA\javassist-3.27.0-GA.jar;C:\Users\tpJiang\.m2\repository\antlr\antlr\2.7.7\antlr-2.7.7.jar;C:\Users\tpJiang\.m2\repository\org\jboss\jandex\2.2.3.Final\jandex-2.2.3.Final.jar;C:\Users\tpJiang\.m2\repository\org\dom4j\dom4j\2.1.3\dom4j-2.1.3.jar;C:\Users\tpJiang\.m2\repository\org\hibernate\common\hibernate-commons-annotations\5.1.2.Final\hibernate-commons-annotations-5.1.2.Final.jar;C:\Users\tpJiang\.m2\repository\org\glassfish\jaxb\jaxb-runtime\2.3.4\jaxb-runtime-2.3.4.jar;C:\Users\tpJiang\.m2\repository\org\glassfish\jaxb\txw2\2.3.4\txw2-2.3.4.jar;C:\Users\tpJiang\.m2\repository\com\sun\istack\istack-commons-runtime\3.0.12\istack-commons-runtime-3.0.12.jar;C:\Users\tpJiang\.m2\repository\org\springframework\data\spring-data-jpa\2.5.3\spring-data-jpa-2.5.3.jar;C:\Users\tpJiang\.m2\repository\org\springframework\spring-orm\5.3.9\spring-orm-5.3.9.jar;C:\Users\tpJiang\.m2\repository\org\springframework\spring-aspects\5.3.9\spring-aspects-5.3.9.jar;C:\Users\tpJiang\.m2\repository\com\baomidou\mybatis-plus-boot-starter\3.0.5\mybatis-plus-boot-starter-3.0.5.jar;C:\Users\tpJiang\.m2\repository\com\baomidou\mybatis-plus\3.0.5\mybatis-plus-3.0.5.jar;C:\Users\tpJiang\.m2\repository\org\springframework\boot\spring-boot-autoconfigure\2.5.3\spring-boot-autoconfigure-2.5.3.jar;C:\Users\tpJiang\.m2\repository\org\springframework\boot\spring-boot-configuration-processor\2.5.3\spring-boot-configuration-processor-2.5.3.jar;C:\Users\tpJiang\.m2\repository\org\projectlombok\lombok\1.18.20\lombok-1.18.20.jar;C:\Users\tpJiang\.m2\repository\com\baomidou\mybatis-plus-generator\3.0.5\mybatis-plus-generator-3.0.5.jar;C:\Users\tpJiang\.m2\repository\com\baomidou\mybatis-plus-extension\3.0.5\mybatis-plus-extension-3.0.5.jar;C:\Users\tpJiang\.m2\repository\com\baomidou\mybatis-plus-core\3.0.5\mybatis-plus-core-3.0.5.jar;C:\Users\tpJiang\.m2\repository\com\baomidou\mybatis-plus-annotation\3.0.5\mybatis-plus-annotation-3.0.5.jar;C:\Users\tpJiang\.m2\repository\com\github\jsqlparser\jsqlparser\1.2\jsqlparser-1.2.jar;C:\Users\tpJiang\.m2\repository\org\mybatis\mybatis-spring\1.3.2\mybatis-spring-1.3.2.jar;C:\Users\tpJiang\.m2\repository\org\mybatis\mybatis\3.4.6\mybatis-3.4.6.jar;C:\Users\tpJiang\.m2\repository\org\apache\velocity\velocity-engine-core\2.2\velocity-engine-core-2.2.jar;C:\Users\tpJiang\.m2\repository\com\alibaba\fastjson\1.2.49\fastjson-1.2.49.jar;C:\Users\tpJiang\.m2\repository\com\google\code\gson\gson\2.8.7\gson-2.8.7.jar;C:\Users\tpJiang\.m2\repository\com\squareup\okhttp3\okhttp\3.6.0\okhttp-3.6.0.jar;C:\Users\tpJiang\.m2\repository\com\squareup\okio\okio\1.11.0\okio-1.11.0.jar;C:\Users\tpJiang\.m2\repository\commons-fileupload\commons-fileupload\1.4\commons-fileupload-1.4.jar;C:\Users\tpJiang\.m2\repository\commons-io\commons-io\2.6\commons-io-2.6.jar;C:\Users\tpJiang\.m2\repository\co\elastic\clients\elasticsearch-java\8.9.0\elasticsearch-java-8.9.0.jar;C:\Users\tpJiang\.m2\repository\com\google\code\findbugs\jsr305\3.0.2\jsr305-3.0.2.jar;C:\Users\tpJiang\.m2\repository\jakarta\json\jakarta.json-api\1.1.6\jakarta.json-api-1.1.6.jar;C:\Users\tpJiang\.m2\repository\org\eclipse\parsson\parsson\1.0.0\parsson-1.0.0.jar;C:\Users\tpJiang\.m2\repository\org\elasticsearch\client\elasticsearch-rest-client\8.9.0\elasticsearch-rest-client-8.9.0.jar;C:\Users\tpJiang\.m2\repository\org\apache\httpcomponents\httpclient\4.5.13\httpclient-4.5.13.jar;C:\Users\tpJiang\.m2\repository\org\apache\httpcomponents\httpcore\4.4.14\httpcore-4.4.14.jar;C:\Users\tpJiang\.m2\repository\org\apache\httpcomponents\httpasyncclient\4.1.4\httpasyncclient-4.1.4.jar;C:\Users\tpJiang\.m2\repository\org\apache\httpcomponents\httpcore-nio\4.4.14\httpcore-nio-4.4.14.jar;C:\Users\tpJiang\.m2\repository\org\glassfish\jakarta.json\2.0.1\jakarta.json-2.0.1.jar;C:\Users\tpJiang\.m2\repository\org\apache\poi\poi\5.1.0\poi-5.1.0.jar;C:\Users\tpJiang\.m2\repository\org\apache\commons\commons-collections4\4.4\commons-collections4-4.4.jar;C:\Users\tpJiang\.m2\repository\org\apache\commons\commons-math3\3.6.1\commons-math3-3.6.1.jar;C:\Users\tpJiang\.m2\repository\com\zaxxer\SparseBitSet\1.2\SparseBitSet-1.2.jar;C:\Users\tpJiang\.m2\repository\org\apache\logging\log4j\log4j-api\2.14.1\log4j-api-2.14.1.jar;C:\Users\tpJiang\.m2\repository\org\springframework\boot\spring-boot-starter-amqp\2.5.3\spring-boot-starter-amqp-2.5.3.jar;C:\Users\tpJiang\.m2\repository\org\springframework\spring-messaging\5.3.9\spring-messaging-5.3.9.jar;C:\Users\tpJiang\.m2\repository\org\springframework\amqp\spring-rabbit\2.3.10\spring-rabbit-2.3.10.jar;C:\Users\tpJiang\.m2\repository\org\springframework\amqp\spring-amqp\2.3.10\spring-amqp-2.3.10.jar;C:\Users\tpJiang\.m2\repository\org\springframework\retry\spring-retry\1.3.1\spring-retry-1.3.1.jar;C:\Users\tpJiang\.m2\repository\javax\annotation\javax.annotation-api\1.3.2\javax.annotation-api-1.3.2.jar;C:\Users\tpJiang\.m2\repository\com\rabbitmq\amqp-client\5.12.0\amqp-client-5.12.0.jar;C:\Users\tpJiang\.m2\repository\org\springframework\boot\spring-boot-starter-mail\2.5.3\spring-boot-starter-mail-2.5.3.jar;C:\Users\tpJiang\.m2\repository\org\springframework\spring-context-support\5.3.9\spring-context-support-5.3.9.jar;C:\Users\tpJiang\.m2\repository\com\sun\mail\jakarta.mail\1.6.7\jakarta.mail-1.6.7.jar;C:\Users\tpJiang\.m2\repository\com\sun\activation\jakarta.activation\1.2.2\jakarta.activation-1.2.2.jar;C:\Users\tpJiang\.m2\repository\cn\hutool\hutool-all\5.8.19\hutool-all-5.8.19.jar;C:\Users\tpJiang\.m2\repository\io\github\gemingjia\gear-wenxinworkshop-starter\1.0.1\gear-wenxinworkshop-starter-1.0.1.jar;C:\Users\tpJiang\.m2\repository\org\yaml\snakeyaml\1.28\snakeyaml-1.28.jar;C:\Users\tpJiang\.m2\repository\org\springframework\boot\spring-boot-starter-webflux\2.5.3\spring-boot-starter-webflux-2.5.3.jar;C:\Users\tpJiang\.m2\repository\org\springframework\boot\spring-boot-starter-reactor-netty\2.5.3\spring-boot-starter-reactor-netty-2.5.3.jar;C:\Users\tpJiang\.m2\repository\io\projectreactor\netty\reactor-netty-http\1.0.9\reactor-netty-http-1.0.9.jar;C:\Users\tpJiang\.m2\repository\io\netty\netty-codec-http\4.1.66.Final\netty-codec-http-4.1.66.Final.jar;C:\Users\tpJiang\.m2\repository\io\netty\netty-common\4.1.66.Final\netty-common-4.1.66.Final.jar;C:\Users\tpJiang\.m2\repository\io\netty\netty-buffer\4.1.66.Final\netty-buffer-4.1.66.Final.jar;C:\Users\tpJiang\.m2\repository\io\netty\netty-transport\4.1.66.Final\netty-transport-4.1.66.Final.jar;C:\Users\tpJiang\.m2\repository\io\netty\netty-codec\4.1.66.Final\netty-codec-4.1.66.Final.jar;C:\Users\tpJiang\.m2\repository\io\netty\netty-handler\4.1.66.Final\netty-handler-4.1.66.Final.jar;C:\Users\tpJiang\.m2\repository\io\netty\netty-codec-http2\4.1.66.Final\netty-codec-http2-4.1.66.Final.jar;C:\Users\tpJiang\.m2\repository\io\netty\netty-resolver-dns\4.1.66.Final\netty-resolver-dns-4.1.66.Final.jar;C:\Users\tpJiang\.m2\repository\io\netty\netty-resolver\4.1.66.Final\netty-resolver-4.1.66.Final.jar;C:\Users\tpJiang\.m2\repository\io\netty\netty-codec-dns\4.1.66.Final\netty-codec-dns-4.1.66.Final.jar;C:\Users\tpJiang\.m2\repository\io\netty\netty-resolver-dns-native-macos\4.1.66.Final\netty-resolver-dns-native-macos-4.1.66.Final-osx-x86_64.jar;C:\Users\tpJiang\.m2\repository\io\netty\netty-transport-native-unix-common\4.1.66.Final\netty-transport-native-unix-common-4.1.66.Final.jar;C:\Users\tpJiang\.m2\repository\io\netty\netty-transport-native-epoll\4.1.66.Final\netty-transport-native-epoll-4.1.66.Final-linux-x86_64.jar;C:\Users\tpJiang\.m2\repository\io\projectreactor\netty\reactor-netty-core\1.0.9\reactor-netty-core-1.0.9.jar;C:\Users\tpJiang\.m2\repository\io\netty\netty-handler-proxy\4.1.66.Final\netty-handler-proxy-4.1.66.Final.jar;C:\Users\tpJiang\.m2\repository\io\netty\netty-codec-socks\4.1.66.Final\netty-codec-socks-4.1.66.Final.jar;C:\Users\tpJiang\.m2\repository\org\springframework\spring-webflux\5.3.9\spring-webflux-5.3.9.jar;C:\Users\tpJiang\.m2\repository\io\projectreactor\reactor-core\3.4.8\reactor-core-3.4.8.jar;C:\Users\tpJiang\.m2\repository\org\reactivestreams\reactive-streams\1.0.3\reactive-streams-1.0.3.jar;C:\Users\tpJiang\.m2\repository\org\springframework\boot\spring-boot-starter-websocket\2.5.3\spring-boot-starter-websocket-2.5.3.jar;C:\Users\tpJiang\.m2\repository\org\springframework\spring-websocket\5.3.9\spring-websocket-5.3.9.jar;"/>
    <property name="sun.cpu.endian" value="little"/>
    <property name="user.home" value="C:\Users\tpJiang"/>
    <property name="user.language" value="zh"/>
    <property name="java.specification.vendor" value="Oracle Corporation"/>
    <property name="java.version.date" value="2023-10-17"/>
    <property name="java.home" value="C:\Program Files\Java\jdk-17.0.9"/>
    <property name="file.separator" value="\"/>
    <property name="basedir" value="C:\Myfiles\IDEA_IDE\Healing-Paws-Hub-B"/>
    <property name="java.vm.compressedOopsMode" value="Zero based"/>
    <property name="line.separator" value="&#10;"/>
    <property name="java.vm.specification.vendor" value="Oracle Corporation"/>
    <property name="java.specification.name" value="Java Platform API Specification"/>
    <property name="surefire.real.class.path" value="C:\Users\tpJiang\AppData\Local\Temp\surefire2683457305257351147\surefirebooter9952867590069653927.jar"/>
    <property name="user.script" value=""/>
    <property name="sun.management.compiler" value="HotSpot 64-Bit Tiered Compilers"/>
    <property name="java.runtime.version" value="17.0.9+11-LTS-201"/>
    <property name="user.name" value="蒋天培"/>
    <property name="path.separator" value=";"/>
    <property name="os.version" value="10.0"/>
    <property name="java.runtime.name" value="Java(TM) SE Runtime Environment"/>
    <property name="file.encoding" value="GBK"/>
    <property name="java.vm.name" value="Java HotSpot(TM) 64-Bit Server VM"/>
    <property name="localRepository" value="C:\Users\tpJiang\.m2\repository"/>
    <property name="java.vendor.url.bug" value="https://bugreport.java.com/bugreport/"/>
    <property name="java.io.tmpdir" value="C:\Users\tpJiang\AppData\Local\Temp\"/>
    <property name="idea.version" value="2022.3"/>
    <property name="java.version" value="17.0.9"/>
    <property name="user.dir" value="C:\Myfiles\IDEA_IDE\Healing-Paws-Hub-B"/>
    <property name="os.arch" value="amd64"/>
    <property name="java.vm.specification.name" value="Java Virtual Machine Specification"/>
    <property name="sun.os.patch.level" value=""/>
    <property name="native.encoding" value="GBK"/>
    <property name="java.library.path" value="C:\Program Files\Java\jdk-17.0.9\bin;C:\Windows\Sun\Java\bin;C:\Windows\system32;C:\Windows;C:\Program Files\Microsoft MPI\Bin\;C:\Program Files\Java\jdk-16.0.1\bin;C:\Program Files (x86)\Common Files\Oracle\Java\javapath;C:\Program Files\Common Files\Oracle\Java\javapath;C:\Myprogram_tools\MyVirtual\bin\;C:\Program Files\Microsoft\jdk-11.0.12.7-hotspot\bin;C:\python3\Scripts\;C:\python3\;C:\Windows\system32;C:\Windows;C:\Windows\System32\Wbem;C:\Windows\System32\WindowsPowerShell\v1.0\;C:\Windows\System32\OpenSSH\;C:\Users\tpJiang\Documents\mingw64\mingw64\bin;C:\Myfiles;C:\Program Files\Git\cmd;C:\Program Files\nodejs\;C:\Program Files\Docker\Docker\resources\bin;C:\Myfiles\xshell7\;C:\Myfiles\xftp\software\;C:\Program Files (x86)\Tencent\微信web开发者工具\dll;C:\Users\tpJiang\AppData\Local\Android\Sdk\platform-tools;C:\Myfiles\MATLAB\R2023a\bin;C:\Myfiles\kubectl;C:\Myfiles\goconfig\go\bin;C:\Myfiles\goCode\library\bin;C:\Users\tpJiang\AppData\Local\Microsoft\WindowsApps;C:\pycharm community\PyCharm Community Edition 2020.2.1\bin;C:\Users\tpJiang\AppData\Local\Programs\Microsoft VS Code\bin;C:\Myfiles\Java\apache-maven-3.8.6\bin;C:\Myfiles\mysql-8.0.31-winx64;C:\Myfiles\mysql-8.0.31-winx64\bin;%wget%;C:\Program Files\JetBrains\IntelliJ IDEA 2022.3\bin;C:\Users\tpJiang\AppData\Roaming\npm;."/>
    <property name="java.vm.info" value="mixed mode, sharing"/>
    <property name="java.vendor" value="Oracle Corporation"/>
    <property name="java.vm.version" value="17.0.9+11-LTS-201"/>
    <property name="sun.io.unicode.encoding" value="UnicodeLittle"/>
    <property name="java.class.version" value="61.0"/>
  </properties>
  <testcase name="testRegister" classname="com.example.hou.RegisterTest" time="0.004"/>
</testsuite>